Using pre-set license
Built from 'trunk' branch; Version is '2021.2.0a5 (4a734693b889) revision 4879174'; Using compiler version '192829333'; Build Type 'Release'
OS: 'Windows 10 Home; OS build 19043.1110; Version 2009; 64bit' Language: 'en' Physical Memory: 7549 MB
BatchMode: 1, IsHumanControllingUs: 0, StartBugReporterOnCrash: 0, Is64bit: 1, IsPro: 0

 COMMAND LINE ARGUMENTS:
E:\Unity Projects\Engine\2020.1.1f1\2021.2.0a5\Editor\Unity.exe
-adb2
-batchMode
-noUpm
-name
AssetImportWorker0
-projectPath
E:/Unity Projects/Terrain Editor Project v2.0
-logFile
Logs/AssetImportWorker0.log
-srvPort
58619
Successfully changed project path to: E:/Unity Projects/Terrain Editor Project v2.0
E:/Unity Projects/Terrain Editor Project v2.0
Using Asset Import Pipeline V2.
Refreshing native plugins compatible for Editor in 85.62 ms, found 1 plugins.
Preloading 0 native plugins for Editor in 0.00 ms.
Initialize engine version: 2021.2.0a5 (4a734693b889)
[Subsystems] Discovering subsystems at path E:/Unity Projects/Engine/2020.1.1f1/2021.2.0a5/Editor/Data/Resources/UnitySubsystems
[Subsystems] Discovering subsystems at path E:/Unity Projects/Terrain Editor Project v2.0/Assets
GfxDevice: creating device client; threaded=0; jobified=0
Direct3D:
    Version:  Direct3D 11.0 [level 11.1]
    Renderer: NVIDIA GeForce GTX 1650 (ID=0x1f99)
    Vendor:   NVIDIA
    VRAM:     3962 MB
    Driver:   27.21.14.6192
Initialize mono
Mono path[0] = 'E:/Unity Projects/Engine/2020.1.1f1/2021.2.0a5/Editor/Data/Managed'
Mono path[1] = 'E:/Unity Projects/Engine/2020.1.1f1/2021.2.0a5/Editor/Data/MonoBleedingEdge/lib/mono/unityjit'
Mono config path = 'E:/Unity Projects/Engine/2020.1.1f1/2021.2.0a5/Editor/Data/MonoBleedingEdge/etc'
Using monoOptions --debugger-agent=transport=dt_socket,embedding=1,server=y,suspend=n,address=127.0.0.1:56936
Begin MonoManager ReloadAssembly
Registering precompiled unity dll's ...
Register platform support module: E:/Unity Projects/Engine/2020.1.1f1/2021.2.0a5/Editor/Data/PlaybackEngines/WebGLSupport/UnityEditor.WebGL.Extensions.dll
Register platform support module: E:/Unity Projects/Engine/2020.1.1f1/2021.2.0a5/Editor/Data/PlaybackEngines/WindowsStandaloneSupport/UnityEditor.WindowsStandalone.Extensions.dll
Registered in 0.001549 seconds.
Native extension for WindowsStandalone target not found
Native extension for WebGL target not found
Refreshing native plugins compatible for Editor in 90.08 ms, found 1 plugins.
Preloading 0 native plugins for Editor in 0.00 ms.
Mono: successfully reloaded assembly
- Completed reload, in  1.268 seconds
Platform modules already initialized, skipping
Registering precompiled user dll's ...
Registered in 0.004108 seconds.
Begin MonoManager ReloadAssembly
Native extension for WindowsStandalone target not found
Native extension for WebGL target not found
Refreshing native plugins compatible for Editor in 93.81 ms, found 1 plugins.
Preloading 0 native plugins for Editor in 0.00 ms.
Mono: successfully reloaded assembly
- Completed reload, in  1.043 seconds
Platform modules already initialized, skipping
========================================================================
Worker process is ready to serve import requests
Shader 'Universal Render Pipeline/Particles/Lit': fallback shader 'Universal Render Pipeline/Particles/SimpleLit' not found
Shader 'Universal Render Pipeline/Particles/Lit': fallback shader 'Universal Render Pipeline/Particles/SimpleLit' not found
Launched and connected shader compiler UnityShaderCompiler.exe after 0.04 seconds
Refreshing native plugins compatible for Editor in 0.90 ms, found 1 plugins.
Preloading 0 native plugins for Editor in 0.00 ms.
Unloading 4075 Unused Serialized files (Serialized files now loaded: 0)
System memory in use before: 181.6 MB.
System memory in use after: 177.6 MB.

Unloading 66 unused Assets to reduce memory usage. Loaded Objects now: 4505.
Total: 5.339300 ms (FindLiveObjects: 0.482800 ms CreateObjectMapping: 0.178500 ms MarkObjects: 2.624700 ms  DeleteObjects: 2.051100 ms)

========================================================================
Received Import Request.
  path: Assets/Easy FPS/_scene.unity
  artifactKey: Guid(38bb0089216ab41d98ba972dc131e209) Importer(815301076,1909f56bfc062723c751e8b465ee728b)
Start importing Assets/Easy FPS/_scene.unity using Guid(38bb0089216ab41d98ba972dc131e209) Importer(815301076,1909f56bfc062723c751e8b465ee728b)  -> (artifact id: 'b00e5351efae489671ca6cc55905e97e') in 0.026870 seconds 
========================================================================
Received Prepare
Shader 'Universal Render Pipeline/Particles/Lit': fallback shader 'Universal Render Pipeline/Particles/SimpleLit' not found
Shader 'Universal Render Pipeline/Particles/Lit': fallback shader 'Universal Render Pipeline/Particles/SimpleLit' not found
Refreshing native plugins compatible for Editor in 2.34 ms, found 1 plugins.
Preloading 0 native plugins for Editor in 0.00 ms.
Unloading 59 Unused Serialized files (Serialized files now loaded: 0)
System memory in use before: 99.7 MB.
System memory in use after: 95.7 MB.

Unloading 59 unused Assets to reduce memory usage. Loaded Objects now: 4505.
Total: 4.116700 ms (FindLiveObjects: 0.314900 ms CreateObjectMapping: 0.113000 ms MarkObjects: 2.177800 ms  DeleteObjects: 1.509700 ms)

========================================================================
Received Import Request.
  Time since last request: 157.450966 seconds.
  path: Assets/Scenes/Terrain.unity
  artifactKey: Guid(96290917abf0f37458aaa0937aee6ba3) Importer(815301076,1909f56bfc062723c751e8b465ee728b)
Start importing Assets/Scenes/Terrain.unity using Guid(96290917abf0f37458aaa0937aee6ba3) Importer(815301076,1909f56bfc062723c751e8b465ee728b)  -> (artifact id: '938bc7279732e9e4a5f9b03f1d0cc1f2') in 0.014394 seconds 
========================================================================
Received Import Request.
  Time since last request: 24.831222 seconds.
  path: Assets/Easy FPS/Prefabs/Player.prefab
  artifactKey: Guid(c391f12a928274acab8576bb6030641d) Importer(815301076,1909f56bfc062723c751e8b465ee728b)
Start importing Assets/Easy FPS/Prefabs/Player.prefab using Guid(c391f12a928274acab8576bb6030641d) Importer(815301076,1909f56bfc062723c751e8b465ee728b) Tried select unknown importer for id '-2' '00000000000000000000000000000000'

 -> (artifact id: '4b590b5e4dd62af054e7117feab63809') in 0.120585 seconds 
========================================================================
Received Import Request.
  Time since last request: 7.212530 seconds.
  path: Assets/New Terrain.asset
  artifactKey: Guid(7843114e465870642981d05980f55e02) Importer(815301076,1909f56bfc062723c751e8b465ee728b)
Start importing Assets/New Terrain.asset using Guid(7843114e465870642981d05980f55e02) Importer(815301076,1909f56bfc062723c751e8b465ee728b) 



 -> (artifact id: '79e0d8c79d1e873b5235e90df15ad351') in 0.060251 seconds 
========================================================================
Received Prepare
Registering precompiled user dll's ...
Registered in 0.004442 seconds.
Begin MonoManager ReloadAssembly
Native extension for WindowsStandalone target not found
Native extension for WebGL target not found
Refreshing native plugins compatible for Editor in 0.83 ms, found 1 plugins.
Preloading 0 native plugins for Editor in 0.00 ms.
Mono: successfully reloaded assembly
- Completed reload, in  0.972 seconds
Platform modules already initialized, skipping
Shader 'Universal Render Pipeline/Particles/Lit': fallback shader 'Universal Render Pipeline/Particles/SimpleLit' not found
Shader 'Universal Render Pipeline/Particles/Lit': fallback shader 'Universal Render Pipeline/Particles/SimpleLit' not found
Refreshing native plugins compatible for Editor in 0.77 ms, found 1 plugins.
Preloading 0 native plugins for Editor in 0.00 ms.
Unloading 4045 Unused Serialized files (Serialized files now loaded: 0)
System memory in use before: 187.0 MB.
System memory in use after: 183.0 MB.

Unloading 62 unused Assets to reduce memory usage. Loaded Objects now: 4551.
Total: 4.068100 ms (FindLiveObjects: 0.435000 ms CreateObjectMapping: 0.191700 ms MarkObjects: 1.933400 ms  DeleteObjects: 1.506100 ms)

========================================================================
Received Import Request.
  Time since last request: 296.952132 seconds.
  path: Assets/Scenes/Terrain.unity
  artifactKey: Guid(96290917abf0f37458aaa0937aee6ba3) Importer(815301076,1909f56bfc062723c751e8b465ee728b)
Start importing Assets/Scenes/Terrain.unity using Guid(96290917abf0f37458aaa0937aee6ba3) Importer(815301076,1909f56bfc062723c751e8b465ee728b)  -> (artifact id: 'b32ee18a0ac91e055c22a707441a4c16') in 0.021035 seconds 
========================================================================
Received Import Request.
  Time since last request: 10.174729 seconds.
  path: Assets/Easy FPS/Images
  artifactKey: Guid(e22a8bc6f343240e9b332830f093b573) Importer(815301076,1909f56bfc062723c751e8b465ee728b)
Start importing Assets/Easy FPS/Images using Guid(e22a8bc6f343240e9b332830f093b573) Importer(815301076,1909f56bfc062723c751e8b465ee728b)  -> (artifact id: 'edbef3b9aff3288fd1d8b087a33378c1') in 0.007449 seconds 
========================================================================
Received Prepare
Registering precompiled user dll's ...
Registered in 0.002958 seconds.
Begin MonoManager ReloadAssembly
Native extension for WindowsStandalone target not found
Native extension for WebGL target not found
Refreshing native plugins compatible for Editor in 0.83 ms, found 1 plugins.
Preloading 0 native plugins for Editor in 0.00 ms.
Mono: successfully reloaded assembly
- Completed reload, in  0.918 seconds
Platform modules already initialized, skipping
Shader 'Universal Render Pipeline/Particles/Lit': fallback shader 'Universal Render Pipeline/Particles/SimpleLit' not found
Shader 'Universal Render Pipeline/Particles/Lit': fallback shader 'Universal Render Pipeline/Particles/SimpleLit' not found
Refreshing native plugins compatible for Editor in 0.76 ms, found 1 plugins.
Preloading 0 native plugins for Editor in 0.00 ms.
Unloading 4044 Unused Serialized files (Serialized files now loaded: 0)
System memory in use before: 187.1 MB.
System memory in use after: 183.1 MB.

Unloading 61 unused Assets to reduce memory usage. Loaded Objects now: 4553.
Total: 4.419600 ms (FindLiveObjects: 0.564800 ms CreateObjectMapping: 0.229400 ms MarkObjects: 1.986900 ms  DeleteObjects: 1.637400 ms)

========================================================================
Received Import Request.
  Time since last request: 274.865989 seconds.
  path: Assets/Easy FPS/Prefabs/Bullet.prefab
  artifactKey: Guid(c9e619a669d974fd28b5c89e43f2bce2) Importer(815301076,1909f56bfc062723c751e8b465ee728b)
Start importing Assets/Easy FPS/Prefabs/Bullet.prefab using Guid(c9e619a669d974fd28b5c89e43f2bce2) Importer(815301076,1909f56bfc062723c751e8b465ee728b)  -> (artifact id: '63fa7730e354398b6fde6a54c7171910') in 0.095269 seconds 
========================================================================
Received Import Request.
  Time since last request: 0.752009 seconds.
  path: Assets/Easy FPS/Prefabs/bloodEffectParticlePrefab_melee.prefab
  artifactKey: Guid(ffbf169ab9dcfdc45ae14010bc82a6b2) Importer(815301076,1909f56bfc062723c751e8b465ee728b)
Start importing Assets/Easy FPS/Prefabs/bloodEffectParticlePrefab_melee.prefab using Guid(ffbf169ab9dcfdc45ae14010bc82a6b2) Importer(815301076,1909f56bfc062723c751e8b465ee728b)  -> (artifact id: '6d39de07dfd911719c9048fb289fc4ad') in 0.019681 seconds 
========================================================================
Received Import Request.
  Time since last request: 0.002193 seconds.
  path: Assets/Easy FPS/Images/Materials/bloodColor.mat
  artifactKey: Guid(8d9ea170b1f707e4b8c201442ccaf92c) Importer(815301076,1909f56bfc062723c751e8b465ee728b)
Start importing Assets/Easy FPS/Images/Materials/bloodColor.mat using Guid(8d9ea170b1f707e4b8c201442ccaf92c) Importer(815301076,1909f56bfc062723c751e8b465ee728b)  -> (artifact id: '7cb7c90e8bcee56e6b805d2d5f4606e3') in 0.030787 seconds 
========================================================================
Received Import Request.
  Time since last request: 26.410968 seconds.
  path: Assets/Easy FPS/Resources/NewGun_auto.prefab
  artifactKey: Guid(d263be518b43c45958a9fabf6650fd2d) Importer(815301076,1909f56bfc062723c751e8b465ee728b)
Start importing Assets/Easy FPS/Resources/NewGun_auto.prefab using Guid(d263be518b43c45958a9fabf6650fd2d) Importer(815301076,1909f56bfc062723c751e8b465ee728b)  -> (artifact id: '7d0d3a1f2c54545ef6789f5f30abdb11') in 0.364877 seconds 
========================================================================
Received Import Request.
  Time since last request: 7.242538 seconds.
  path: Assets/Easy FPS/Resources/Weap_Icons/NewGun_auto_img.png
  artifactKey: Guid(4cc45e4dad006426e8c62aff1240b894) Importer(815301076,1909f56bfc062723c751e8b465ee728b)
Start importing Assets/Easy FPS/Resources/Weap_Icons/NewGun_auto_img.png using Guid(4cc45e4dad006426e8c62aff1240b894) Importer(815301076,1909f56bfc062723c751e8b465ee728b)  -> (artifact id: '9fa4cd9b86ad0e5c0a85958a668774fc') in 0.126940 seconds 
========================================================================
Received Prepare
Registering precompiled user dll's ...
Registered in 0.002753 seconds.
Begin MonoManager ReloadAssembly
Native extension for WindowsStandalone target not found
Native extension for WebGL target not found
Refreshing native plugins compatible for Editor in 0.86 ms, found 1 plugins.
Preloading 0 native plugins for Editor in 0.00 ms.
Mono: successfully reloaded assembly
- Completed reload, in  0.933 seconds
Platform modules already initialized, skipping
Shader 'Universal Render Pipeline/Particles/Lit': fallback shader 'Universal Render Pipeline/Particles/SimpleLit' not found
Shader 'Universal Render Pipeline/Particles/Lit': fallback shader 'Universal Render Pipeline/Particles/SimpleLit' not found
Refreshing native plugins compatible for Editor in 0.83 ms, found 1 plugins.
Preloading 0 native plugins for Editor in 0.00 ms.
Unloading 4045 Unused Serialized files (Serialized files now loaded: 0)
System memory in use before: 202.5 MB.
System memory in use after: 198.4 MB.

Unloading 63 unused Assets to reduce memory usage. Loaded Objects now: 4607.
Total: 4.125800 ms (FindLiveObjects: 0.487500 ms CreateObjectMapping: 0.105000 ms MarkObjects: 1.915200 ms  DeleteObjects: 1.615700 ms)

========================================================================
Received Import Request.
  Time since last request: 268.417124 seconds.
  path: Assets/Easy FPS/Resources/NewGun_semi.prefab
  artifactKey: Guid(52d7c5ee3e0cf43d9b5aab3e5df17e7d) Importer(815301076,1909f56bfc062723c751e8b465ee728b)
Start importing Assets/Easy FPS/Resources/NewGun_semi.prefab using Guid(52d7c5ee3e0cf43d9b5aab3e5df17e7d) Importer(815301076,1909f56bfc062723c751e8b465ee728b)  -> (artifact id: '1bb5c0039785018dbd27daa47cd3e3c0') in 0.371115 seconds 
========================================================================
Received Import Request.
  Time since last request: 35.351794 seconds.
  path: Assets/Easy FPS/Resources/Weap_Icons
  artifactKey: Guid(ae55a45f7c39b4310bafae4b924b6855) Importer(815301076,1909f56bfc062723c751e8b465ee728b)
Start importing Assets/Easy FPS/Resources/Weap_Icons using Guid(ae55a45f7c39b4310bafae4b924b6855) Importer(815301076,1909f56bfc062723c751e8b465ee728b)  -> (artifact id: 'cf90edd9f4b3718b892d15b0eb602119') in 0.006956 seconds 
AssetImportWorkerClient::OnTransportError - code=2 error=End of file
